<?xml version="1.0" encoding="utf-8"?><testsuites><testsuite name="pytest" errors="0" failures="0" skipped="0" tests="1" time="2.009" timestamp="2021-05-17T09:22:50.063062" hostname="Alexs-MacBook-Pro.local"><testcase classname="pd_parser.tests.test_parse_pd" name="test_core" time="0.903" /></testsuite></testsuites>